TARZO/app/build/intermediates/manifest_merge_blame_file/debug/processDebugMainManifest/manifest-merger-blame-debug-report.txt
1<?xml version="1.0" encoding="utf-8"?>
2<manifest xmlns:android="http://schemas.android.com/apk/res/android"
3    package="com.tarzo.ai"
4    android:versionCode="1"
5    android:versionName="1.0.0" >
6
7    <uses-sdk
8        android:minSdkVersion="28"
9        android:targetSdkVersion="35" />
10
11    <!-- Voice / Audio -->
12    <uses-permission android:name="android.permission.RECORD_AUDIO" />
12-->src/main/AndroidManifest.xml:6:5-71
12-->src/main/AndroidManifest.xml:6:22-68
13    <uses-permission android:name="android.permission.MODIFY_AUDIO_SETTINGS" />
13-->src/main/AndroidManifest.xml:7:5-80
13-->src/main/AndroidManifest.xml:7:22-77
14
15    <!-- Camera -->
16    <uses-permission android:name="android.permission.CAMERA" />
16-->src/main/AndroidManifest.xml:10:5-65
16-->src/main/AndroidManifest.xml:10:22-62
17
18    <uses-feature
18-->src/main/AndroidManifest.xml:11:5-85
19        android:name="android.hardware.camera"
19-->src/main/AndroidManifest.xml:11:19-57
20        android:required="false" />
20-->src/main/AndroidManifest.xml:11:58-82
21    <uses-feature
21-->src/main/AndroidManifest.xml:12:5-91
22        android:name="android.hardware.camera.front"
22-->src/main/AndroidManifest.xml:12:19-63
23        android:required="false" />
23-->src/main/AndroidManifest.xml:12:64-88
24    <uses-feature
24-->src/main/AndroidManifest.xml:13:5-95
25        android:name="android.hardware.camera.autofocus"
25-->src/main/AndroidManifest.xml:13:19-67
26        android:required="false" />
26-->src/main/AndroidManifest.xml:13:68-92
27
28    <!-- Phone / Contacts -->
29    <uses-permission android:name="android.permission.CALL_PHONE" />
29-->src/main/AndroidManifest.xml:16:5-69
29-->src/main/AndroidManifest.xml:16:22-66
30    <uses-permission android:name="android.permission.READ_CONTACTS" />
30-->src/main/AndroidManifest.xml:17:5-72
30-->src/main/AndroidManifest.xml:17:22-69
31    <uses-permission android:name="android.permission.READ_PHONE_STATE" />
31-->src/main/AndroidManifest.xml:18:5-75
31-->src/main/AndroidManifest.xml:18:22-72
32    <uses-permission android:name="android.permission.ANSWER_PHONE_CALLS" />
32-->src/main/AndroidManifest.xml:19:5-77
32-->src/main/AndroidManifest.xml:19:22-74
33    <uses-permission android:name="android.permission.READ_CALL_LOG" />
33-->src/main/AndroidManifest.xml:20:5-72
33-->src/main/AndroidManifest.xml:20:22-69
34
35    <!-- SMS -->
36    <uses-permission android:name="android.permission.SEND_SMS" />
36-->src/main/AndroidManifest.xml:23:5-67
36-->src/main/AndroidManifest.xml:23:22-64
37    <uses-permission android:name="android.permission.RECEIVE_SMS" />
37-->src/main/AndroidManifest.xml:24:5-70
37-->src/main/AndroidManifest.xml:24:22-67
38    <uses-permission android:name="android.permission.READ_SMS" />
38-->src/main/AndroidManifest.xml:25:5-67
38-->src/main/AndroidManifest.xml:25:22-64
39
40    <!-- Device Control -->
41    <uses-permission android:name="android.permission.FLASHLIGHT" />
41-->src/main/AndroidManifest.xml:28:5-69
41-->src/main/AndroidManifest.xml:28:22-66
42    <uses-permission android:name="android.permission.WRITE_SETTINGS" />
42-->src/main/AndroidManifest.xml:29:5-30:47
42-->src/main/AndroidManifest.xml:29:22-70
43    <uses-permission android:name="android.permission.BLUETOOTH" />
43-->src/main/AndroidManifest.xml:31:5-68
43-->src/main/AndroidManifest.xml:31:22-65
44    <uses-permission android:name="android.permission.BLUETOOTH_CONNECT" />
44-->src/main/AndroidManifest.xml:32:5-76
44-->src/main/AndroidManifest.xml:32:22-73
45    <uses-permission android:name="android.permission.BLUETOOTH_ADMIN" />
45-->src/main/AndroidManifest.xml:33:5-74
45-->src/main/AndroidManifest.xml:33:22-71
46    <uses-permission android:name="android.permission.ACCESS_WIFI_STATE" />
46-->src/main/AndroidManifest.xml:34:5-76
46-->src/main/AndroidManifest.xml:34:22-73
47    <uses-permission android:name="android.permission.CHANGE_WIFI_STATE" />
47-->src/main/AndroidManifest.xml:35:5-76
47-->src/main/AndroidManifest.xml:35:22-73
48
49    <!-- Network -->
50    <uses-permission android:name="android.permission.INTERNET" />
50-->src/main/AndroidManifest.xml:38:5-67
50-->src/main/AndroidManifest.xml:38:22-64
51    <uses-permission android:name="android.permission.ACCESS_NETWORK_STATE" />
51-->src/main/AndroidManifest.xml:39:5-79
51-->src/main/AndroidManifest.xml:39:22-76
52
53    <!-- Storage -->
54    <uses-permission android:name="android.permission.READ_EXTERNAL_STORAGE" />
54-->src/main/AndroidManifest.xml:42:5-80
54-->src/main/AndroidManifest.xml:42:22-77
55    <uses-permission android:name="android.permission.WRITE_EXTERNAL_STORAGE" />
55-->src/main/AndroidManifest.xml:43:5-81
55-->src/main/AndroidManifest.xml:43:22-78
56    <uses-permission android:name="android.permission.READ_MEDIA_IMAGES" />
56-->src/main/AndroidManifest.xml:44:5-76
56-->src/main/AndroidManifest.xml:44:22-73
57    <uses-permission android:name="android.permission.MANAGE_EXTERNAL_STORAGE" />
57-->src/main/AndroidManifest.xml:45:5-46:40
57-->src/main/AndroidManifest.xml:45:22-79
58
59    <!-- Notifications / Foreground Service -->
60    <uses-permission android:name="android.permission.FOREGROUND_SERVICE" />
60-->src/main/AndroidManifest.xml:49:5-77
60-->src/main/AndroidManifest.xml:49:22-74
61    <uses-permission android:name="android.permission.FOREGROUND_SERVICE_MICROPHONE" />
61-->src/main/AndroidManifest.xml:50:5-88
61-->src/main/AndroidManifest.xml:50:22-85
62    <uses-permission android:name="android.permission.FOREGROUND_SERVICE_CAMERA" />
62-->src/main/AndroidManifest.xml:51:5-84
62-->src/main/AndroidManifest.xml:51:22-81
63    <uses-permission android:name="android.permission.POST_NOTIFICATIONS" />
63-->src/main/AndroidManifest.xml:52:5-77
63-->src/main/AndroidManifest.xml:52:22-74
64    <uses-permission android:name="android.permission.WAKE_LOCK" />
64-->src/main/AndroidManifest.xml:53:5-68
64-->src/main/AndroidManifest.xml:53:22-65
65
66    <!-- Alarm / Scheduler -->
67    <uses-permission android:name="android.permission.SCHEDULE_EXACT_ALARM" />
67-->src/main/AndroidManifest.xml:56:5-79
67-->src/main/AndroidManifest.xml:56:22-76
68    <uses-permission android:name="android.permission.USE_EXACT_ALARM" />
68-->src/main/AndroidManifest.xml:57:5-74
68-->src/main/AndroidManifest.xml:57:22-71
69
70    <!-- Accessibility (optional, for screen automation) -->
71    <uses-permission android:name="android.permission.BIND_ACCESSIBILITY_SERVICE" />
71-->src/main/AndroidManifest.xml:60:5-61:46
71-->src/main/AndroidManifest.xml:60:22-82
72
73    <!-- Overlay (optional, for intruder photo) -->
74    <uses-permission android:name="android.permission.SYSTEM_ALERT_WINDOW" />
74-->src/main/AndroidManifest.xml:64:5-78
74-->src/main/AndroidManifest.xml:64:22-75
75
76    <!-- Vibrate -->
77    <uses-permission android:name="android.permission.VIBRATE" />
77-->src/main/AndroidManifest.xml:67:5-66
77-->src/main/AndroidManifest.xml:67:22-63
78    <uses-permission android:name="android.permission.RECEIVE_BOOT_COMPLETED" />
78-->[androidx.work:work-runtime:2.3.4] AndroidManifest.xml:27:5-81
78-->[androidx.work:work-runtime:2.3.4] AndroidManifest.xml:27:22-78
79
80    <permission
80-->[androidx.core:core:1.15.0] AndroidManifest.xml:22:5-24:47
81        android:name="com.tarzo.ai.DYNAMIC_RECEIVER_NOT_EXPORTED_PERMISSION"
81-->[androidx.core:core:1.15.0] AndroidManifest.xml:23:9-81
82        android:protectionLevel="signature" />
82-->[androidx.core:core:1.15.0] AndroidManifest.xml:24:9-44
83
84    <uses-permission android:name="com.tarzo.ai.DYNAMIC_RECEIVER_NOT_EXPORTED_PERMISSION" />
84-->[androidx.core:core:1.15.0] AndroidManifest.xml:26:5-97
84-->[androidx.core:core:1.15.0] AndroidManifest.xml:26:22-94
85
86    <application
86-->src/main/AndroidManifest.xml:69:5-191:19
87        android:name="com.tarzo.ai.TarzoApp"
87-->src/main/AndroidManifest.xml:70:9-33
88        android:allowBackup="false"
88-->src/main/AndroidManifest.xml:71:9-36
89        android:appComponentFactory="androidx.core.app.CoreComponentFactory"
89-->[androidx.core:core:1.15.0] AndroidManifest.xml:28:18-86
90        android:debuggable="true"
91        android:extractNativeLibs="false"
92        android:hardwareAccelerated="true"
92-->src/main/AndroidManifest.xml:77:9-43
93        android:icon="@mipmap/ic_launcher"
93-->src/main/AndroidManifest.xml:72:9-43
94        android:label="TARZO"
94-->src/main/AndroidManifest.xml:73:9-30
95        android:largeHeap="true"
95-->src/main/AndroidManifest.xml:78:9-33
96        android:networkSecurityConfig="@xml/network_security_config"
96-->src/main/AndroidManifest.xml:79:9-69
97        android:roundIcon="@mipmap/ic_launcher_round"
97-->src/main/AndroidManifest.xml:74:9-54
98        android:supportsRtl="true"
98-->src/main/AndroidManifest.xml:75:9-35
99        android:theme="@style/Theme.TARZO" >
99-->src/main/AndroidManifest.xml:76:9-43
100
101        <!-- Splash Screen -->
102        <activity
102-->src/main/AndroidManifest.xml:83:9-92:20
103            android:name="com.tarzo.ai.MainActivity"
103-->src/main/AndroidManifest.xml:84:13-41
104            android:exported="true"
104-->src/main/AndroidManifest.xml:85:13-36
105            android:theme="@style/Theme.TARZO.Splash"
105-->src/main/AndroidManifest.xml:87:13-54
106            android:windowSoftInputMode="adjustResize" >
106-->src/main/AndroidManifest.xml:86:13-55
107            <intent-filter>
107-->src/main/AndroidManifest.xml:88:13-91:29
108                <action android:name="android.intent.action.MAIN" />
108-->src/main/AndroidManifest.xml:89:17-69
108-->src/main/AndroidManifest.xml:89:25-66
109
110                <category android:name="android.intent.category.LAUNCHER" />
110-->src/main/AndroidManifest.xml:90:17-77
110-->src/main/AndroidManifest.xml:90:27-74
111            </intent-filter>
112        </activity>
113
114        <!-- Voice Assistant Foreground Service -->
115        <service
115-->src/main/AndroidManifest.xml:95:9-102:19
116            android:name="com.tarzo.ai.services.VoiceAssistantService"
116-->src/main/AndroidManifest.xml:96:13-59
117            android:exported="false"
117-->src/main/AndroidManifest.xml:97:13-37
118            android:foregroundServiceType="microphone" >
118-->src/main/AndroidManifest.xml:98:13-55
119            <property
119-->src/main/AndroidManifest.xml:99:13-101:101
120                android:name="android.app.PROPERTY_SPECIAL_USE_FGS_SUBTYPE"
120-->src/main/AndroidManifest.xml:100:17-76
121                android:value="Voice Assistant: Wake word detection and voice command processing" />
121-->src/main/AndroidManifest.xml:101:17-98
122        </service>
123
124        <!-- Wake Word Detection Service -->
125        <service
125-->src/main/AndroidManifest.xml:105:9-112:19
126            android:name="com.tarzo.ai.services.WakeWordService"
126-->src/main/AndroidManifest.xml:106:13-53
127            android:exported="false"
127-->src/main/AndroidManifest.xml:107:13-37
128            android:foregroundServiceType="microphone" >
128-->src/main/AndroidManifest.xml:108:13-55
129            <property
129-->src/main/AndroidManifest.xml:99:13-101:101
130                android:name="android.app.PROPERTY_SPECIAL_USE_FGS_SUBTYPE"
130-->src/main/AndroidManifest.xml:100:17-76
131                android:value="Wake Word: Continuous listening for &apos;Bolo TARZO&apos; activation" />
131-->src/main/AndroidManifest.xml:101:17-98
132        </service>
133
134        <!-- Call Detection Service -->
135        <service
135-->src/main/AndroidManifest.xml:115:9-121:19
136            android:name="com.tarzo.ai.services.CallDetectionService"
136-->src/main/AndroidManifest.xml:116:13-58
137            android:exported="false" >
137-->src/main/AndroidManifest.xml:117:13-37
138            <intent-filter>
138-->src/main/AndroidManifest.xml:118:13-120:29
139                <action android:name="android.intent.action.PHONE_STATE" />
139-->src/main/AndroidManifest.xml:119:17-76
139-->src/main/AndroidManifest.xml:119:25-73
140            </intent-filter>
141        </service>
142
143        <!-- Anti-Theft Service -->
144        <service
144-->src/main/AndroidManifest.xml:124:9-127:19
145            android:name="com.tarzo.ai.services.AntiTheftService"
145-->src/main/AndroidManifest.xml:125:13-54
146            android:exported="false" >
146-->src/main/AndroidManifest.xml:126:13-37
147        </service>
148
149        <!-- SMS Receiver -->
150        <receiver
150-->src/main/AndroidManifest.xml:130:9-137:20
151            android:name="com.tarzo.ai.receiver.SmsReceiver"
151-->src/main/AndroidManifest.xml:131:13-49
152            android:exported="false"
152-->src/main/AndroidManifest.xml:132:13-37
153            android:permission="android.permission.BROADCAST_SMS" >
153-->src/main/AndroidManifest.xml:133:13-66
154            <intent-filter>
154-->src/main/AndroidManifest.xml:134:13-136:29
155                <action android:name="android.provider.Telephony.SMS_RECEIVED" />
155-->src/main/AndroidManifest.xml:135:17-82
155-->src/main/AndroidManifest.xml:135:25-79
156            </intent-filter>
157        </receiver>
158
159        <!-- Call State Receiver -->
160        <receiver
160-->src/main/AndroidManifest.xml:140:9-146:20
161            android:name="com.tarzo.ai.receiver.CallStateReceiver"
161-->src/main/AndroidManifest.xml:141:13-55
162            android:exported="false" >
162-->src/main/AndroidManifest.xml:142:13-37
163            <intent-filter>
163-->src/main/AndroidManifest.xml:118:13-120:29
164                <action android:name="android.intent.action.PHONE_STATE" />
164-->src/main/AndroidManifest.xml:119:17-76
164-->src/main/AndroidManifest.xml:119:25-73
165            </intent-filter>
166        </receiver>
167
168        <!-- Charger Receiver (Anti-Theft) -->
169        <receiver
169-->src/main/AndroidManifest.xml:149:9-156:20
170            android:name="com.tarzo.ai.receiver.ChargerReceiver"
170-->src/main/AndroidManifest.xml:150:13-53
171            android:exported="false" >
171-->src/main/AndroidManifest.xml:151:13-37
172            <intent-filter>
172-->src/main/AndroidManifest.xml:152:13-155:29
173                <action android:name="android.intent.action.ACTION_POWER_CONNECTED" />
173-->src/main/AndroidManifest.xml:153:17-87
173-->src/main/AndroidManifest.xml:153:25-84
174                <action android:name="android.intent.action.ACTION_POWER_DISCONNECTED" />
174-->src/main/AndroidManifest.xml:154:17-90
174-->src/main/AndroidManifest.xml:154:25-87
175            </intent-filter>
176        </receiver>
177
178        <!-- Boot Receiver -->
179        <receiver
179-->src/main/AndroidManifest.xml:159:9-165:20
180            android:name="com.tarzo.ai.receiver.BootReceiver"
180-->src/main/AndroidManifest.xml:160:13-50
181            android:exported="false" >
181-->src/main/AndroidManifest.xml:161:13-37
182            <intent-filter>
182-->src/main/AndroidManifest.xml:162:13-164:29
183                <action android:name="android.intent.action.BOOT_COMPLETED" />
183-->src/main/AndroidManifest.xml:163:17-79
183-->src/main/AndroidManifest.xml:163:25-76
184            </intent-filter>
185        </receiver>
186
187        <!-- Accessibility Service (optional - for screen automation) -->
188        <service
188-->src/main/AndroidManifest.xml:168:9-178:19
189            android:name="com.tarzo.ai.services.TarzoAccessibilityService"
189-->src/main/AndroidManifest.xml:169:13-63
190            android:exported="false"
190-->src/main/AndroidManifest.xml:170:13-37
191            android:permission="android.permission.BIND_ACCESSIBILITY_SERVICE" >
191-->src/main/AndroidManifest.xml:171:13-79
192            <intent-filter>
192-->src/main/AndroidManifest.xml:172:13-174:29
193                <action android:name="android.accessibilityservice.AccessibilityService" />
193-->src/main/AndroidManifest.xml:173:17-92
193-->src/main/AndroidManifest.xml:173:25-89
194            </intent-filter>
195
196            <meta-data
196-->src/main/AndroidManifest.xml:175:13-177:72
197                android:name="android.accessibilityservice"
197-->src/main/AndroidManifest.xml:176:17-60
198                android:resource="@xml/accessibility_service_config" />
198-->src/main/AndroidManifest.xml:177:17-69
199        </service>
200
201        <!-- File Provider for Camera -->
202        <provider
203            android:name="androidx.core.content.FileProvider"
203-->src/main/AndroidManifest.xml:182:13-62
204            android:authorities="com.tarzo.ai.fileprovider"
204-->src/main/AndroidManifest.xml:183:13-64
205            android:exported="false"
205-->src/main/AndroidManifest.xml:184:13-37
206            android:grantUriPermissions="true" >
206-->src/main/AndroidManifest.xml:185:13-47
207            <meta-data
207-->src/main/AndroidManifest.xml:186:13-188:54
208                android:name="android.support.FILE_PROVIDER_PATHS"
208-->src/main/AndroidManifest.xml:187:17-67
209                android:resource="@xml/file_paths" />
209-->src/main/AndroidManifest.xml:188:17-51
210        </provider>
211
212        <service
212-->[androidx.camera:camera-camera2:1.4.1] AndroidManifest.xml:24:9-33:19
213            android:name="androidx.camera.core.impl.MetadataHolderService"
213-->[androidx.camera:camera-camera2:1.4.1] AndroidManifest.xml:25:13-75
214            android:enabled="false"
214-->[androidx.camera:camera-camera2:1.4.1] AndroidManifest.xml:26:13-36
215            android:exported="false" >
215-->[androidx.camera:camera-camera2:1.4.1] AndroidManifest.xml:27:13-37
216            <meta-data
216-->[androidx.camera:camera-camera2:1.4.1] AndroidManifest.xml:30:13-32:89
217                android:name="androidx.camera.core.impl.MetadataHolderService.DEFAULT_CONFIG_PROVIDER"
217-->[androidx.camera:camera-camera2:1.4.1] AndroidManifest.xml:31:17-103
218                android:value="androidx.camera.camera2.Camera2Config$DefaultProvider" />
218-->[androidx.camera:camera-camera2:1.4.1] AndroidManifest.xml:32:17-86
219        </service>
220        <service
220-->[com.google.mlkit:object-detection:17.0.2] AndroidManifest.xml:11:9-17:19
221            android:name="com.google.mlkit.common.internal.MlKitComponentDiscoveryService"
221-->[com.google.mlkit:object-detection:17.0.2] AndroidManifest.xml:12:13-91
222            android:directBootAware="true"
222-->[com.google.mlkit:common:18.11.0] AndroidManifest.xml:17:13-43
223            android:exported="false" >
223-->[com.google.mlkit:object-detection:17.0.2] AndroidManifest.xml:13:13-37
224            <meta-data
224-->[com.google.mlkit:object-detection:17.0.2] AndroidManifest.xml:14:13-16:85
225                android:name="com.google.firebase.components:com.google.mlkit.vision.objects.defaults.internal.DefaultObjectsRegistrar"
225-->[com.google.mlkit:object-detection:17.0.2] AndroidManifest.xml:15:17-136
226                android:value="com.google.firebase.components.ComponentRegistrar" />
226-->[com.google.mlkit:object-detection:17.0.2] AndroidManifest.xml:16:17-82
227            <meta-data
227-->[com.google.mlkit:image-labeling:17.0.8] AndroidManifest.xml:11:13-13:85
228                android:name="com.google.firebase.components:com.google.mlkit.vision.label.defaults.internal.BundledLabelRegistrar"
228-->[com.google.mlkit:image-labeling:17.0.8] AndroidManifest.xml:12:17-132
229                android:value="com.google.firebase.components.ComponentRegistrar" />
229-->[com.google.mlkit:image-labeling:17.0.8] AndroidManifest.xml:13:17-82
230            <meta-data
230-->[com.google.mlkit:vision-internal-vkp:18.2.3] AndroidManifest.xml:14:13-16:85
231                android:name="com.google.firebase.components:com.google.mlkit.vision.vkp.VkpRegistrar"
231-->[com.google.mlkit:vision-internal-vkp:18.2.3] AndroidManifest.xml:15:17-103
232                android:value="com.google.firebase.components.ComponentRegistrar" />
232-->[com.google.mlkit:vision-internal-vkp:18.2.3] AndroidManifest.xml:16:17-82
233            <meta-data
233-->[com.google.android.gms:play-services-mlkit-text-recognition-common:19.1.0] AndroidManifest.xml:12:13-14:85
234                android:name="com.google.firebase.components:com.google.mlkit.vision.text.internal.TextRegistrar"
234-->[com.google.android.gms:play-services-mlkit-text-recognition-common:19.1.0] AndroidManifest.xml:13:17-114
235                android:value="com.google.firebase.components.ComponentRegistrar" />
235-->[com.google.android.gms:play-services-mlkit-text-recognition-common:19.1.0] AndroidManifest.xml:14:17-82
236            <meta-data
236-->[com.google.mlkit:vision-common:17.3.0] AndroidManifest.xml:12:13-14:85
237                android:name="com.google.firebase.components:com.google.mlkit.vision.common.internal.VisionCommonRegistrar"
237-->[com.google.mlkit:vision-common:17.3.0] AndroidManifest.xml:13:17-124
238                android:value="com.google.firebase.components.ComponentRegistrar" />
238-->[com.google.mlkit:vision-common:17.3.0] AndroidManifest.xml:14:17-82
239            <meta-data
239-->[com.google.mlkit:common:18.11.0] AndroidManifest.xml:20:13-22:85
240                android:name="com.google.firebase.components:com.google.mlkit.common.internal.CommonComponentRegistrar"
240-->[com.google.mlkit:common:18.11.0] AndroidManifest.xml:21:17-120
241                android:value="com.google.firebase.components.ComponentRegistrar" />
241-->[com.google.mlkit:common:18.11.0] AndroidManifest.xml:22:17-82
242        </service>
243
244        <provider
244-->[com.google.mlkit:common:18.11.0] AndroidManifest.xml:9:9-13:38
245            android:name="com.google.mlkit.common.internal.MlKitInitProvider"
245-->[com.google.mlkit:common:18.11.0] AndroidManifest.xml:10:13-78
246            android:authorities="com.tarzo.ai.mlkitinitprovider"
246-->[com.google.mlkit:common:18.11.0] AndroidManifest.xml:11:13-69
247            android:exported="false"
247-->[com.google.mlkit:common:18.11.0] AndroidManifest.xml:12:13-37
248            android:initOrder="99" />
248-->[com.google.mlkit:common:18.11.0] AndroidManifest.xml:13:13-35
249
250        <activity
250-->[com.google.android.gms:play-services-base:18.5.0] AndroidManifest.xml:5:9-173
251            android:name="com.google.android.gms.common.api.GoogleApiActivity"
251-->[com.google.android.gms:play-services-base:18.5.0] AndroidManifest.xml:5:19-85
252            android:exported="false"
252-->[com.google.android.gms:play-services-base:18.5.0] AndroidManifest.xml:5:146-170
253            android:theme="@android:style/Theme.Translucent.NoTitleBar" />
253-->[com.google.android.gms:play-services-base:18.5.0] AndroidManifest.xml:5:86-145
254
255        <meta-data
255-->[com.google.android.gms:play-services-basement:18.4.0] AndroidManifest.xml:6:9-122
256            android:name="com.google.android.gms.version"
256-->[com.google.android.gms:play-services-basement:18.4.0] AndroidManifest.xml:6:20-65
257            android:value="@integer/google_play_services_version" />
257-->[com.google.android.gms:play-services-basement:18.4.0] AndroidManifest.xml:6:66-119
258
259        <activity
259-->[androidx.compose.ui:ui-tooling-android:1.7.6] AndroidManifest.xml:23:9-25:39
260            android:name="androidx.compose.ui.tooling.PreviewActivity"
260-->[androidx.compose.ui:ui-tooling-android:1.7.6] AndroidManifest.xml:24:13-71
261            android:exported="true" />
261-->[androidx.compose.ui:ui-tooling-android:1.7.6] AndroidManifest.xml:25:13-36
262
263        <provider
263-->[androidx.work:work-runtime:2.3.4] AndroidManifest.xml:31:9-37:35
264            android:name="androidx.work.impl.WorkManagerInitializer"
264-->[androidx.work:work-runtime:2.3.4] AndroidManifest.xml:32:13-69
265            android:authorities="com.tarzo.ai.workmanager-init"
265-->[androidx.work:work-runtime:2.3.4] AndroidManifest.xml:33:13-68
266            android:directBootAware="false"
266-->[androidx.work:work-runtime:2.3.4] AndroidManifest.xml:34:13-44
267            android:exported="false"
267-->[androidx.work:work-runtime:2.3.4] AndroidManifest.xml:35:13-37
268            android:multiprocess="true" />
268-->[androidx.work:work-runtime:2.3.4] AndroidManifest.xml:36:13-40
269
270        <service
270-->[androidx.work:work-runtime:2.3.4] AndroidManifest.xml:39:9-44:35
271            android:name="androidx.work.impl.background.systemalarm.SystemAlarmService"
271-->[androidx.work:work-runtime:2.3.4] AndroidManifest.xml:40:13-88
272            android:directBootAware="false"
272-->[androidx.work:work-runtime:2.3.4] AndroidManifest.xml:41:13-44
273            android:enabled="@bool/enable_system_alarm_service_default"
273-->[androidx.work:work-runtime:2.3.4] AndroidManifest.xml:42:13-72
274            android:exported="false" />
274-->[androidx.work:work-runtime:2.3.4] AndroidManifest.xml:43:13-37
275        <service
275-->[androidx.work:work-runtime:2.3.4] AndroidManifest.xml:45:9-51:35
276            android:name="androidx.work.impl.background.systemjob.SystemJobService"
276-->[androidx.work:work-runtime:2.3.4] AndroidManifest.xml:46:13-84
277            android:directBootAware="false"
277-->[androidx.work:work-runtime:2.3.4] AndroidManifest.xml:47:13-44
278            android:enabled="@bool/enable_system_job_service_default"
278-->[androidx.work:work-runtime:2.3.4] AndroidManifest.xml:48:13-70
279            android:exported="true"
279-->[androidx.work:work-runtime:2.3.4] AndroidManifest.xml:49:13-36
280            android:permission="android.permission.BIND_JOB_SERVICE" />
280-->[androidx.work:work-runtime:2.3.4] AndroidManifest.xml:50:13-69
281        <service
281-->[androidx.work:work-runtime:2.3.4] AndroidManifest.xml:52:9-57:35
282            android:name="androidx.work.impl.foreground.SystemForegroundService"
282-->[androidx.work:work-runtime:2.3.4] AndroidManifest.xml:53:13-81
283            android:directBootAware="false"
283-->[androidx.work:work-runtime:2.3.4] AndroidManifest.xml:54:13-44
284            android:enabled="@bool/enable_system_foreground_service_default"
284-->[androidx.work:work-runtime:2.3.4] AndroidManifest.xml:55:13-77
285            android:exported="false" />
285-->[androidx.work:work-runtime:2.3.4] AndroidManifest.xml:56:13-37
286
287        <receiver
287-->[androidx.work:work-runtime:2.3.4] AndroidManifest.xml:59:9-64:35
288            android:name="androidx.work.impl.utils.ForceStopRunnable$BroadcastReceiver"
288-->[androidx.work:work-runtime:2.3.4] AndroidManifest.xml:60:13-88
289            android:directBootAware="false"
289-->[androidx.work:work-runtime:2.3.4] AndroidManifest.xml:61:13-44
290            android:enabled="true"
290-->[androidx.work:work-runtime:2.3.4] AndroidManifest.xml:62:13-35
291            android:exported="false" />
291-->[androidx.work:work-runtime:2.3.4] AndroidManifest.xml:63:13-37
292        <receiver
292-->[androidx.work:work-runtime:2.3.4] AndroidManifest.xml:65:9-75:20
293            android:name="androidx.work.impl.background.systemalarm.ConstraintProxy$BatteryChargingProxy"
293-->[androidx.work:work-runtime:2.3.4] AndroidManifest.xml:66:13-106
294            android:directBootAware="false"
294-->[androidx.work:work-runtime:2.3.4] AndroidManifest.xml:67:13-44
295            android:enabled="false"
295-->[androidx.work:work-runtime:2.3.4] AndroidManifest.xml:68:13-36
296            android:exported="false" >
296-->[androidx.work:work-runtime:2.3.4] AndroidManifest.xml:69:13-37
297            <intent-filter>
297-->src/main/AndroidManifest.xml:152:13-155:29
298                <action android:name="android.intent.action.ACTION_POWER_CONNECTED" />
298-->src/main/AndroidManifest.xml:153:17-87
298-->src/main/AndroidManifest.xml:153:25-84
299                <action android:name="android.intent.action.ACTION_POWER_DISCONNECTED" />
299-->src/main/AndroidManifest.xml:154:17-90
299-->src/main/AndroidManifest.xml:154:25-87
300            </intent-filter>
301        </receiver>
302        <receiver
302-->[androidx.work:work-runtime:2.3.4] AndroidManifest.xml:76:9-86:20
303            android:name="androidx.work.impl.background.systemalarm.ConstraintProxy$BatteryNotLowProxy"
303-->[androidx.work:work-runtime:2.3.4] AndroidManifest.xml:77:13-104
304            android:directBootAware="false"
304-->[androidx.work:work-runtime:2.3.4] AndroidManifest.xml:78:13-44
305            android:enabled="false"
305-->[androidx.work:work-runtime:2.3.4] AndroidManifest.xml:79:13-36
306            android:exported="false" >
306-->[androidx.work:work-runtime:2.3.4] AndroidManifest.xml:80:13-37
307            <intent-filter>
307-->[androidx.work:work-runtime:2.3.4] AndroidManifest.xml:82:13-85:29
308                <action android:name="android.intent.action.BATTERY_OKAY" />
308-->[androidx.work:work-runtime:2.3.4] AndroidManifest.xml:83:17-77
308-->[androidx.work:work-runtime:2.3.4] AndroidManifest.xml:83:25-74
309                <action android:name="android.intent.action.BATTERY_LOW" />
309-->[androidx.work:work-runtime:2.3.4] AndroidManifest.xml:84:17-76
309-->[androidx.work:work-runtime:2.3.4] AndroidManifest.xml:84:25-73
310            </intent-filter>
311        </receiver>
312        <receiver
312-->[androidx.work:work-runtime:2.3.4] AndroidManifest.xml:87:9-97:20
313            android:name="androidx.work.impl.background.systemalarm.ConstraintProxy$StorageNotLowProxy"
313-->[androidx.work:work-runtime:2.3.4] AndroidManifest.xml:88:13-104
314            android:directBootAware="false"
314-->[androidx.work:work-runtime:2.3.4] AndroidManifest.xml:89:13-44
315            android:enabled="false"
315-->[androidx.work:work-runtime:2.3.4] AndroidManifest.xml:90:13-36
316            android:exported="false" >
316-->[androidx.work:work-runtime:2.3.4] AndroidManifest.xml:91:13-37
317            <intent-filter>
317-->[androidx.work:work-runtime:2.3.4] AndroidManifest.xml:93:13-96:29
318                <action android:name="android.intent.action.DEVICE_STORAGE_LOW" />
318-->[androidx.work:work-runtime:2.3.4] AndroidManifest.xml:94:17-83